C51 COMPILER V9.60.7.0   UART                                                              06/18/2024 15:16:57 PAGE 1   


C51 COMPILER V9.60.7.0, COMPILATION OF MODULE UART
OBJECT MODULE PLACED IN .\Objects\uart.obj
COMPILER INVOKED BY: D:\C51\BIN\C51.EXE uart.c OPTIMIZE(8,SPEED) BROWSE DEBUG OBJECTEXTEND PRINT(.\Listings\uart.lst) TA
                    -BS(2) OBJECT(.\Objects\uart.obj)

line level    source

   1          #include<reg51.h>
   2          
   3          void uart_init();
   4          void uart_txchar(char);
   5          void uart_sendstring(char *str);
   6          
   7          void uart_init()
   8          {
   9   1        TMOD = 0x20; //Timer 1, Mode 2
  10   1        TH1 = 0xFD; //9600 baud rate
  11   1        SCON = 0x50; // Mode 1, 8-bit uart, enable receiver
  12   1        TR1 = 1; // Start Timer 1
  13   1        
  14   1      } 
  15          
  16          void uart_txchar(char Data)
  17          {
  18   1        SBUF = Data;
  19   1        while(TI == 0);
  20   1        TI = 0;
  21   1      } 
  22          
  23          void uart_sendstring(char *str)
  24          {
  25   1        int i;
  26   1        for(i=0;str[i]!=0;i++){
  27   2          uart_txchar(str[i]);
  28   2        }
  29   1      } 
  30          
  31          void main()
  32          {
  33   1        uart_init();
  34   1        while(1){
  35   2          uart_sendstring("Hello!\n\r");
  36   2        } 
  37   1      } 


MODULE INFORMATION:   STATIC OVERLAYABLE
   CODE SIZE        =     70    ----
   CONSTANT SIZE    =      9    ----
   XDATA SIZE       =   ----    ----
   PDATA SIZE       =   ----    ----
   DATA SIZE        =   ----       3
   IDATA SIZE       =   ----    ----
   BIT SIZE         =   ----    ----
END OF MODULE INFORMATION.


C51 COMPILATION COMPLETE.  0 WARNING(S),  0 ERROR(S)
