C51 COMPILER V9.60.7.0   LCD                                                               06/20/2024 03:02:46 PAGE 1   


C51 COMPILER V9.60.7.0, COMPILATION OF MODULE LCD
OBJECT MODULE PLACED IN .\Objects\lcd.obj
COMPILER INVOKED BY: D:\C51\BIN\C51.EXE lcd.c OPTIMIZE(8,SPEED) BROWSE DEBUG OBJECTEXTEND PRINT(.\Listings\lcd.lst) TABS
                    -(2) OBJECT(.\Objects\lcd.obj)

line level    source

   1          #include<reg51.h>
   2          #include<stdio.h>
   3          #define Data P0
   4          
   5          sbit RS = P0^0;
   6          sbit RW = P0^1;
   7          sbit LCD_ENABLE = P0^2;
   8          
   9          unsigned char message1[] = ("Hello");
  10          unsigned char message2[] = ("ESD");
  11          void lcd_init(void);
  12          void delay(int);
  13          void lcd_cmd(unsigned char);
  14          void lcd_data(unsigned char);
  15          
  16          void delay(int k)
  17          {
  18   1        unsigned int a;
  19   1        for(a=0;a<k;a++);
  20   1      } 
  21          
  22          void lcd_data(unsigned char dat)
  23          {
  24   1        Data = 0xF0 & dat; //upper nibble 1111 0000
  25   1        RS = 1;
  26   1        RW = 0;
  27   1        LCD_ENABLE = 1;
  28   1        delay(35);
  29   1        LCD_ENABLE = 0;
  30   1        Data = dat << 4;
  31   1        RS = 1;
  32   1        RW = 0;
  33   1        LCD_ENABLE = 1;
  34   1        delay(35);
  35   1        LCD_ENABLE = 0;
  36   1      }
  37          
  38          void lcd_cmd(unsigned char command)
  39          {
  40   1        Data = 0xF0 & command; //upper nibble 1111 0000
  41   1        RS = 0;
  42   1        RW = 0;
  43   1        LCD_ENABLE = 1;
  44   1        delay(35);
  45   1        LCD_ENABLE = 0;
  46   1        
  47   1        Data = command << 4;
  48   1        RS = 0;
  49   1        RW = 0;
  50   1        LCD_ENABLE = 1;
  51   1        delay(35);
  52   1        LCD_ENABLE = 0;
  53   1      }
  54          
C51 COMPILER V9.60.7.0   LCD                                                               06/20/2024 03:02:46 PAGE 2   

  55          void lcd_init(void)
  56          {
  57   1        unsigned char i;
  58   1        lcd_cmd(0x28); //2x16 LCD
  59   1        delay(15);
  60   1        lcd_cmd(0x0C); //2x16 LCD
  61   1        delay(15);
  62   1        lcd_cmd(0x06); //2x16 LCD
  63   1        delay(15);
  64   1        lcd_cmd(0x01); //2x16 LCD
  65   1        delay(15);
  66   1        delay(5000);
  67   1        
  68   1        lcd_cmd(0x80);
  69   1        delay(15);
  70   1        i = 0;
  71   1        while(message1[i] != '\0'){
  72   2          lcd_data(message1[i]);
  73   2          i++;
  74   2        }
  75   1        
  76   1        delay(50);
  77   1        
  78   1      }
  79          
  80          void main(void)
  81          {
  82   1        P0 = 0;
  83   1        lcd_init();
  84   1        delay(10);
  85   1        while(1);
  86   1      }
  87            
  88          
  89          
  90          
  91          


MODULE INFORMATION:   STATIC OVERLAYABLE
   CODE SIZE        =    175    ----
   CONSTANT SIZE    =   ----    ----
   XDATA SIZE       =   ----    ----
   PDATA SIZE       =   ----    ----
   DATA SIZE        =     10    ----
   IDATA SIZE       =   ----    ----
   BIT SIZE         =   ----    ----
END OF MODULE INFORMATION.


C51 COMPILATION COMPLETE.  0 WARNING(S),  0 ERROR(S)
