C51 COMPILER V9.60.7.0   BLINKLED                                                          06/15/2024 16:03:39 PAGE 1   


C51 COMPILER V9.60.7.0, COMPILATION OF MODULE BLINKLED
OBJECT MODULE PLACED IN .\Objects\blinkled.obj
COMPILER INVOKED BY: D:\C51\BIN\C51.EXE blinkled.c OPTIMIZE(8,SPEED) BROWSE DEBUG OBJECTEXTEND PRINT(.\Listings\blinkled
                    -.lst) TABS(2) OBJECT(.\Objects\blinkled.obj)

line level    source

   1          #include<reg51.h>
   2          #define LEDPORT P2
   3          
   4          void delay(void)
   5          {
   6   1        unsigned int i;
   7   1        for(i=0;i<50000;i++);
   8   1      }
   9          
  10          void main()
  11          {
  12   1        while(1){
  13   2          LEDPORT = 0x00;
  14   2          delay();
  15   2          LEDPORT = 0xFF;
  16   2          delay();
  17   2        }
  18   1      } 


MODULE INFORMATION:   STATIC OVERLAYABLE
   CODE SIZE        =     40    ----
   CONSTANT SIZE    =   ----    ----
   XDATA SIZE       =   ----    ----
   PDATA SIZE       =   ----    ----
   DATA SIZE        =   ----    ----
   IDATA SIZE       =   ----    ----
   BIT SIZE         =   ----    ----
END OF MODULE INFORMATION.


C51 COMPILATION COMPLETE.  0 WARNING(S),  0 ERROR(S)
