C51 COMPILER V9.60.7.0   HOME_AUTOMATION                                                   06/20/2024 04:36:03 PAGE 1   


C51 COMPILER V9.60.7.0, COMPILATION OF MODULE HOME_AUTOMATION
OBJECT MODULE PLACED IN .\Objects\home_automation.obj
COMPILER INVOKED BY: D:\C51\BIN\C51.EXE home_automation.c OPTIMIZE(8,SPEED) BROWSE DEBUG OBJECTEXTEND PRINT(.\Listings\h
                    -ome_automation.lst) TABS(2) OBJECT(.\Objects\home_automation.obj)

line level    source

   1          #include<reg51.h>
   2          #include<stdio.h>
   3          
   4          void uart_Init();
   5          void uart_TxChar(char);
   6          char uart_RxChar();
   7          void uart_SendingString(char *str);
   8          
   9          sbit Lamp = P0^0;
  10          sbit Fan = P0^0;
  11          
  12          void uart_Init()
  13          {
  14   1        TMOD = 0x20;
  15   1        TH1 = 0xFD;
  16   1        SCON = 0x50;
  17   1        TR1 = 1;
  18   1      }
  19          
  20          void uart_TxChar(char Data)
  21          {
  22   1        SBUF = Data;
  23   1        while(TI == 0);
  24   1        TI = 0;
  25   1      }
  26          
  27          char uart_RxChar()
  28          {
  29   1        char dat;
  30   1        while(RI == 0);
  31   1        RI = 0;
  32   1        dat = SBUF;
  33   1        return(dat);
  34   1      }
  35          
  36          void uart_SendString(char *str)
  37          {
  38   1        int i;
  39   1        for(i=0;str[i]!=0;i++){
  40   2          uart_TxChar(str[i]);
  41   2        }
  42   1      }
  43          
  44          void main()
  45          {
  46   1        char Data_in;
  47   1        uart_Init();
  48   1        P0 = 0;
  49   1        while(1){
  50   2          Data_in = uart_RxChar();
  51   2          if(Data_in == '1'){
  52   3            Lamp = 1;
  53   3            uart_SendString("Lamp On");
  54   3          }
C51 COMPILER V9.60.7.0   HOME_AUTOMATION                                                   06/20/2024 04:36:03 PAGE 2   

  55   2          else if(Data_in == '2'){
  56   3            Lamp = 0;
  57   3            uart_SendString("Lamp Off");
  58   3          }
  59   2          else if(Data_in == '3'){
  60   3            Fan = 1;
  61   3            uart_SendString("Fan On");
  62   3          }
  63   2          else if(Data_in == '4'){
  64   3            Fan = 0;
  65   3            uart_SendString("Fan Off");
  66   3          }
  67   2          else{
  68   3            uart_SendString("choose 1,2,3,4");
  69   3          }
  70   2        }
  71   1      } 
  72          


MODULE INFORMATION:   STATIC OVERLAYABLE
   CODE SIZE        =    141    ----
   CONSTANT SIZE    =     47    ----
   XDATA SIZE       =   ----    ----
   PDATA SIZE       =   ----    ----
   DATA SIZE        =   ----       3
   IDATA SIZE       =   ----    ----
   BIT SIZE         =   ----    ----
END OF MODULE INFORMATION.


C51 COMPILATION COMPLETE.  0 WARNING(S),  0 ERROR(S)
